<?xml version="1.0" encoding="UTF-8"?>
<!-- Generated by org.testng.reporters.JUnitXMLReporter -->
<testsuite hostname="TNLT600" ignored="0" name="Default test" tests="3" failures="0" timestamp="2022-06-28T20:15:56 WAT" time="1.536" errors="0">
  <testcase name="crateProjetSantePrev" time="0.012" classname="com.generaliTest.auto.report"/>
  <testcase name="createProjetPrev" time="0.001" classname="com.generaliTest.auto.report"/>
  <testcase name="createProjetSante" time="0.002" classname="com.generaliTest.auto.report"/>
</testsuite> <!-- Default test -->
